
VD6-NOE (Server)	Thu Mar 28 11:05:50 2013
	INET/inet_error: connect errno = 10060


VD6-NOE (Server)	Thu Mar 28 11:06:13 2013
	INET/inet_error: connect errno = 10060


VD6-NOE (Server)	Thu Mar 28 12:09:31 2013
	INET/inet_error: connect errno = 10060


VD6-NOE (Server)	Thu Mar 28 12:09:54 2013
	INET/inet_error: connect errno = 10060


VD6-NOE (Server)	Mon Jun 03 15:06:24 2013
	INET/inet_error: connect errno = 10060


VD6-NOE (Server)	Mon Jun 03 15:06:47 2013
	INET/inet_error: connect errno = 10060


VD6-NOE (Server)	Mon Jun 03 15:33:59 2013
	INET/inet_error: connect errno = 10060


VD6-NOE (Server)	Mon Jun 03 15:34:22 2013
	INET/inet_error: connect errno = 10060


VD6-NOE (Server)	Wed Jun 05 10:22:32 2013
	INET/inet_error: connect errno = 10060


VD6-NOE (Server)	Wed Jun 05 10:22:55 2013
	INET/inet_error: connect errno = 10060


VD6-NOE (Server)	Mon Jun 10 19:27:15 2013
	INET/inet_error: connect errno = 10060


VD6-NOE (Server)	Mon Jun 10 19:27:38 2013
	INET/inet_error: connect errno = 10060


VD6-NOE (Server)	Mon Jun 10 19:49:06 2013
	INET/inet_error: connect errno = 10060


VD6-NOE (Server)	Mon Jun 10 19:49:29 2013
	INET/inet_error: connect errno = 10060


VD6-NOE (Server)	Fri Jun 14 16:39:28 2013
	INET/inet_error: connect errno = 10060


VD6-NOE (Server)	Fri Jun 14 16:39:51 2013
	INET/inet_error: connect errno = 10060


VD6-NOE (Server)	Fri Jun 21 09:15:55 2013
	INET/inet_error: connect errno = 10060


VD6-NOE (Server)	Fri Jun 21 09:16:18 2013
	INET/inet_error: connect errno = 10060


VD6-NOE (Server)	Wed Jun 26 10:23:43 2013
	INET/inet_error: connect errno = 10060


VD6-NOE (Server)	Wed Jun 26 10:24:04 2013
	INET/inet_error: connect errno = 10060


VD6-NOE (Server)	Fri Jun 28 16:27:17 2013
	INET/inet_error: connect errno = 10060


VD6-NOE (Server)	Fri Jun 28 16:27:40 2013
	INET/inet_error: connect errno = 10060


VD6-NOE (Server)	Mon Jul 01 19:20:03 2013
	INET/inet_error: connect errno = 10060


VD6-NOE (Server)	Mon Jul 01 19:20:26 2013
	INET/inet_error: connect errno = 10060


VD6-NOE (Server)	Tue Jul 09 14:54:12 2013
	INET/inet_error: connect errno = 10060


VD6-NOE (Server)	Tue Jul 09 14:54:44 2013
	INET/inet_error: connect errno = 10060


VD6-NOE (Server)	Thu Oct 31 13:43:52 2013
	INET/inet_error: read errno = 10053


VD6-NOE (Server)	Thu Oct 31 13:44:42 2013
	INET/inet_error: send errno = 10053


VD6-NOE (Server)	Thu Oct 31 13:44:42 2013
	INET/inet_error: send errno = 10053


VD6-NOE (Server)	Thu Oct 31 13:44:42 2013
	REMOTE INTERFACE/gds__detach: Unsuccesful detach from database. 
	Uncommitted work may have been lost


VD6-NOE (Server)	Thu Oct 31 13:44:42 2013
	INET/inet_error: send errno = 10053


VD6-NOE (Server)	Sat Nov 23 11:42:00 2013
	INET/inet_error: connect errno = 10065


VD6-NOE (Server)	Sat Nov 23 11:42:02 2013
	INET/inet_error: connect errno = 10065


VD6-NOE (Server)	Sat Nov 23 11:45:58 2013
	INET/inet_error: connect errno = 10065


VD6-NOE (Server)	Sat Nov 23 11:46:00 2013
	INET/inet_error: connect errno = 10065


VD6-NOE (Server)	Sat Nov 23 11:56:14 2013
	INET/inet_error: connect errno = 10065


VD6-NOE (Server)	Sat Nov 23 11:56:16 2013
	INET/inet_error: connect errno = 10065


VD6-NOE (Server)	Sat Mar 01 13:10:02 2014
	INET/inet_error: read errno = 10053


VD6-NOE (Server)	Tue Nov 25 17:21:43 2014
	INET/inet_error: read errno = 10053


VD6-NOE (Server)	Tue Nov 25 17:21:43 2014
	INET/inet_error: read errno = 10053


VD6-NOE (Server)	Tue Nov 25 17:21:43 2014
	INET/inet_error: read errno = 10053


VD6-NOE (Server)	Tue Nov 25 17:21:43 2014
	INET/inet_error: read errno = 10053


VD6-NOE (Server)	Tue Nov 25 17:21:43 2014
	INET/inet_error: read errno = 10053


VD6-NOE (Server)	Tue Nov 25 17:21:43 2014
	INET/inet_error: read errno = 10053


VD6-NOE (Server)	Tue Nov 25 17:21:43 2014
	INET/inet_error: send errno = 10053


VD6-NOE (Server)	Tue Nov 25 17:21:43 2014
	REMOTE INTERFACE/gds__detach: Unsuccesful detach from database. 
	Uncommitted work may have been lost


VD6-NOE (Server)	Tue Nov 25 17:21:43 2014
	INET/inet_error: send errno = 10053


VD6-NOE (Server)	Tue Nov 25 17:39:18 2014
	INET/inet_error: read errno = 10053


VD6-NOE (Server)	Tue Nov 25 17:41:42 2014
	INET/inet_error: send errno = 10053


VD6-NOE (Server)	Tue Nov 25 17:42:13 2014
	INET/inet_error: send errno = 10053


VD6-NOE (Server)	Tue Nov 25 17:42:16 2014
	INET/inet_error: send errno = 10053


VD6-NOE (Server)	Tue Nov 25 17:42:18 2014
	INET/inet_error: send errno = 10053


VD6-NOE (Server)	Tue Nov 25 17:42:18 2014
	INET/inet_error: send errno = 10053


VD6-NOE (Server)	Tue Nov 25 17:42:18 2014
	REMOTE INTERFACE/gds__detach: Unsuccesful detach from database. 
	Uncommitted work may have been lost


VD6-NOE (Server)	Tue Nov 25 17:42:18 2014
	INET/inet_error: send errno = 10053


TROMPUDO-PC (Client)	Wed May 20 23:12:38 2015
	INET/inet_error: connect errno = 10061


TROMPUDO-PC (Client)	Wed May 20 23:12:41 2015
	INET/inet_error: connect errno = 10061

